This file contains any messages produced by compilers while
running configure, to aid debugging if configure makes a mistake.

It was created by Apertium {{languageName1}}-{{languageName2}} configure 0.1.0, which was
generated by GNU Autoconf 2.69.  Invocation command line was

  $ ./configure 

## --------- ##
## Platform. ##
## --------- ##

hostname = Macintosh.local
uname -m = x86_64
uname -r = 14.5.0
uname -s = Darwin
uname -v = Darwin Kernel Version 14.5.0: Wed Jul 29 02:26:53 PDT 2015; root:xnu-2782.40.9~1/RELEASE_X86_64

/usr/bin/uname -p = i386
/bin/uname -X     = unknown

/bin/arch              = unknown
/usr/bin/arch -k       = unknown
/usr/convex/getsysinfo = unknown
/usr/bin/hostinfo      = Mach kernel version:
	 Darwin Kernel Version 14.5.0: Wed Jul 29 02:26:53 PDT 2015; root:xnu-2782.40.9~1/RELEASE_X86_64
Kernel configured for up to 8 processors.
4 processors are physically available.
8 processors are logically available.
Processor type: i486 (Intel 80486)
Processors active: 0 1 2 3 4 5 6 7
Primary memory available: 10.00 gigabytes
Default processor set: 234 tasks, 1367 threads, 8 processors
Load average: 1.97, Mach factor: 6.02
/bin/machine           = unknown
/usr/bin/oslevel       = unknown
/bin/universe          = unknown

PATH: /opt/local/bin
PATH: /opt/local/sbin
PATH: /Library/Frameworks/Python.framework/Versions/3.5/bin
PATH: /Users/haziqmir/anaconda/bin
PATH: /Users/haziqmir/.cabal/bin
PATH: /Applications/ghc-7.8.3.app/Contents/bin
PATH: .
PATH: /usr/local/gnat/bin
PATH: /usr/local/bin
PATH: /usr/bin
PATH: /bin
PATH: /usr/sbin
PATH: /sbin
PATH: /opt/X11/bin
PATH: /usr/local/git/bin
PATH: /Applications/MAMP/Library/bin
PATH: /Users/haziqmir/.rvm/bin
PATH: /bin
PATH: /usr/sbin
PATH: /usr/local/bin


## ----------- ##
## Core tests. ##
## ----------- ##

configure:1788: checking for a BSD-compatible install
configure:1856: result: /usr/bin/install -c
configure:1867: checking whether build environment is sane
configure:1922: result: yes
configure:2073: checking for a thread-safe mkdir -p
configure:2112: result: ./install-sh -c -d
configure:2119: checking for gawk
configure:2135: found /usr/local/bin/gawk
configure:2146: result: gawk
configure:2157: checking whether make sets $(MAKE)
configure:2179: result: yes
configure:2208: checking whether make supports nested variables
configure:2225: result: yes
configure:2352: checking whether ln -s works
configure:2356: result: yes
configure:2367: checking for gawk
configure:2394: result: gawk
configure:2463: checking for pkg-config
configure:2481: found /usr/local/bin/pkg-config
configure:2493: result: /usr/local/bin/pkg-config
configure:2518: checking pkg-config is at least version 0.9.0
configure:2521: result: yes
configure:2531: checking for APERTIUM
configure:2538: $PKG_CONFIG --exists --print-errors "apertium >= 3.4.0"
configure:2541: $? = 0
configure:2555: $PKG_CONFIG --exists --print-errors "apertium >= 3.4.0"
configure:2558: $? = 0
configure:2616: result: yes
configure:2622: checking for LTTOOLBOX
configure:2629: $PKG_CONFIG --exists --print-errors "lttoolbox >= 3.3.2"
configure:2632: $? = 0
configure:2646: $PKG_CONFIG --exists --print-errors "lttoolbox >= 3.3.2"
configure:2649: $? = 0
configure:2707: result: yes
configure:2714: checking for cg-comp
configure:2732: found /usr/local/bin/cg-comp
configure:2745: result: /usr/local/bin/cg-comp
configure:2970: checking that generated files are newer than configure
configure:2976: result: done
configure:2984: creating ./config.status

## ---------------------- ##
## Running config.status. ##
## ---------------------- ##

This file was extended by Apertium {{languageName1}}-{{languageName2}} config.status 0.1.0, which was
generated by GNU Autoconf 2.69.  Invocation command line was

  CONFIG_FILES    = 
  CONFIG_HEADERS  = 
  CONFIG_LINKS    = 
  CONFIG_COMMANDS = 
  $ ./config.status 

on Macintosh.local

config.status:782: creating Makefile
config.status:782: creating apertium-kas.pc

## ---------------- ##
## Cache variables. ##
## ---------------- ##

ac_cv_env_APERTIUM_CFLAGS_set=
ac_cv_env_APERTIUM_CFLAGS_value=
ac_cv_env_APERTIUM_LIBS_set=
ac_cv_env_APERTIUM_LIBS_value=
ac_cv_env_LTTOOLBOX_CFLAGS_set=
ac_cv_env_LTTOOLBOX_CFLAGS_value=
ac_cv_env_LTTOOLBOX_LIBS_set=
ac_cv_env_LTTOOLBOX_LIBS_value=
ac_cv_env_PKG_CONFIG_LIBDIR_set=
ac_cv_env_PKG_CONFIG_LIBDIR_value=
ac_cv_env_PKG_CONFIG_PATH_set=
ac_cv_env_PKG_CONFIG_PATH_value=
ac_cv_env_PKG_CONFIG_set=
ac_cv_env_PKG_CONFIG_value=
ac_cv_env_build_alias_set=
ac_cv_env_build_alias_value=
ac_cv_env_host_alias_set=
ac_cv_env_host_alias_value=
ac_cv_env_target_alias_set=
ac_cv_env_target_alias_value=
ac_cv_path_CGCOMP=/usr/local/bin/cg-comp
ac_cv_path_ac_pt_PKG_CONFIG=/usr/local/bin/pkg-config
ac_cv_path_install='/usr/bin/install -c'
ac_cv_prog_AWK=gawk
ac_cv_prog_make_make_set=yes
am_cv_make_support_nested_variables=yes
pkg_cv_APERTIUM_CFLAGS='-I/usr/local/include/apertium-3.4 -I/usr/local/lib/apertium-3.4/include -I/usr/local/include/lttoolbox-3.3 -I/usr/local/lib/lttoolbox-3.3/include -I/usr/localcross/target/bin/../macports/pkgs/opt/local/include/libxml2 '
pkg_cv_APERTIUM_LIBS='-L/usr/local/lib -L/usr/localcross/target/bin/../macports/pkgs/opt/local/lib -lapertium3 -llttoolbox3 -lxml2 '
pkg_cv_LTTOOLBOX_CFLAGS='-I/usr/local/include/lttoolbox-3.3 -I/usr/local/lib/lttoolbox-3.3/include -I/usr/localcross/target/bin/../macports/pkgs/opt/local/include/libxml2 '
pkg_cv_LTTOOLBOX_LIBS='-L/usr/local/lib -L/usr/localcross/target/bin/../macports/pkgs/opt/local/lib -llttoolbox3 -lxml2 '

## ----------------- ##
## Output variables. ##
## ----------------- ##

ACLOCAL='${SHELL} /Users/haziqmir/Desktop/apertium/kas/apertium-kas/missing aclocal-1.15'
AMTAR='$${TAR-tar}'
AM_BACKSLASH='\'
AM_DEFAULT_V='$(AM_DEFAULT_VERBOSITY)'
AM_DEFAULT_VERBOSITY='1'
AM_V='$(V)'
APERTIUM_CFLAGS='-I/usr/local/include/apertium-3.4 -I/usr/local/lib/apertium-3.4/include -I/usr/local/include/lttoolbox-3.3 -I/usr/local/lib/lttoolbox-3.3/include -I/usr/localcross/target/bin/../macports/pkgs/opt/local/include/libxml2 '
APERTIUM_LIBS='-L/usr/local/lib -L/usr/localcross/target/bin/../macports/pkgs/opt/local/lib -lapertium3 -llttoolbox3 -lxml2 '
AUTOCONF='${SHELL} /Users/haziqmir/Desktop/apertium/kas/apertium-kas/missing autoconf'
AUTOHEADER='${SHELL} /Users/haziqmir/Desktop/apertium/kas/apertium-kas/missing autoheader'
AUTOMAKE='${SHELL} /Users/haziqmir/Desktop/apertium/kas/apertium-kas/missing automake-1.15'
AWK='gawk'
CGCOMP='/usr/local/bin/cg-comp'
CYGPATH_W='echo'
DEFS='-DPACKAGE_NAME=\"Apertium\ \{\{languageName1\}\}-\{\{languageName2\}\}\" -DPACKAGE_TARNAME=\"apertium-\{\{languageCode1\}\}-\{\{languageCode2\}\}\" -DPACKAGE_VERSION=\"0.1.0\" -DPACKAGE_STRING=\"Apertium\ \{\{languageName1\}\}-\{\{languageName2\}\}\ 0.1.0\" -DPACKAGE_BUGREPORT=\"memduhg@gmail.com\" -DPACKAGE_URL=\"http://wiki.apertium.org/wiki/Apertium-\{\{languageCode1\}\}-\{\{languageCode2\}\}\" -DPACKAGE=\"apertium-\{\{languageCode1\}\}-\{\{languageCode2\}\}\" -DVERSION=\"0.1.0\"'
ECHO_C='\c'
ECHO_N=''
ECHO_T=''
INSTALL_DATA='${INSTALL} -m 644'
INSTALL_PROGRAM='${INSTALL}'
INSTALL_SCRIPT='${INSTALL}'
INSTALL_STRIP_PROGRAM='$(install_sh) -c -s'
LIBOBJS=''
LIBS=''
LN_S='ln -s'
LTLIBOBJS=''
LTTOOLBOX_CFLAGS='-I/usr/local/include/lttoolbox-3.3 -I/usr/local/lib/lttoolbox-3.3/include -I/usr/localcross/target/bin/../macports/pkgs/opt/local/include/libxml2 '
LTTOOLBOX_LIBS='-L/usr/local/lib -L/usr/localcross/target/bin/../macports/pkgs/opt/local/lib -llttoolbox3 -lxml2 '
MAKEINFO='${SHELL} /Users/haziqmir/Desktop/apertium/kas/apertium-kas/missing makeinfo'
MKDIR_P='./install-sh -c -d'
PACKAGE='apertium-{{languageCode1}}-{{languageCode2}}'
PACKAGE_BUGREPORT='memduhg@gmail.com'
PACKAGE_NAME='Apertium {{languageName1}}-{{languageName2}}'
PACKAGE_STRING='Apertium {{languageName1}}-{{languageName2}} 0.1.0'
PACKAGE_TARNAME='apertium-{{languageCode1}}-{{languageCode2}}'
PACKAGE_URL='http://wiki.apertium.org/wiki/Apertium-{{languageCode1}}-{{languageCode2}}'
PACKAGE_VERSION='0.1.0'
PATH_SEPARATOR=':'
PKG_CONFIG='/usr/local/bin/pkg-config'
PKG_CONFIG_LIBDIR=''
PKG_CONFIG_PATH=''
SET_MAKE=''
SHELL='/bin/sh'
STRIP=''
VERSION='0.1.0'
am__isrc=''
am__leading_dot='.'
am__tar='$${TAR-tar} chof - "$$tardir"'
am__untar='$${TAR-tar} xf -'
bindir='${exec_prefix}/bin'
build_alias=''
datadir='${datarootdir}'
datarootdir='${prefix}/share'
docdir='${datarootdir}/doc/${PACKAGE_TARNAME}'
dvidir='${docdir}'
exec_prefix='${prefix}'
host_alias=''
htmldir='${docdir}'
includedir='${prefix}/include'
infodir='${datarootdir}/info'
install_sh='${SHELL} /Users/haziqmir/Desktop/apertium/kas/apertium-kas/install-sh'
libdir='${exec_prefix}/lib'
libexecdir='${exec_prefix}/libexec'
localedir='${datarootdir}/locale'
localstatedir='${prefix}/var'
mandir='${datarootdir}/man'
mkdir_p='$(MKDIR_P)'
oldincludedir='/usr/include'
pdfdir='${docdir}'
prefix='/usr/local'
program_transform_name='s,x,x,'
psdir='${docdir}'
sbindir='${exec_prefix}/sbin'
sharedstatedir='${prefix}/com'
sysconfdir='${prefix}/etc'
target_alias=''

## ------------------- ##
## File substitutions. ##
## ------------------- ##

ap_include='./ap_include.am'

## ----------- ##
## confdefs.h. ##
## ----------- ##

/* confdefs.h */
#define PACKAGE_NAME "Apertium {{languageName1}}-{{languageName2}}"
#define PACKAGE_TARNAME "apertium-{{languageCode1}}-{{languageCode2}}"
#define PACKAGE_VERSION "0.1.0"
#define PACKAGE_STRING "Apertium {{languageName1}}-{{languageName2}} 0.1.0"
#define PACKAGE_BUGREPORT "memduhg@gmail.com"
#define PACKAGE_URL "http://wiki.apertium.org/wiki/Apertium-{{languageCode1}}-{{languageCode2}}"
#define PACKAGE "apertium-{{languageCode1}}-{{languageCode2}}"
#define VERSION "0.1.0"

configure: exit 0
